[debug] [2018-07-05T14:41:18.148Z] ----------------------------------------------------------------------
[debug] [2018-07-05T14:41:18.150Z] Command:       C:\Program Files\nodejs\node.exe C:\Users\Harry\AppData\Roaming\npm\node_modules\firebase-tools\bin\firebase init
[debug] [2018-07-05T14:41:18.151Z] CLI Version:   3.18.6
[debug] [2018-07-05T14:41:18.151Z] Platform:      win32
[debug] [2018-07-05T14:41:18.151Z] Node Version:  v10.1.0
[debug] [2018-07-05T14:41:18.151Z] Time:          Thu Jul 05 2018 16:41:18 GMT+0200 (South Africa Standard Time)
[debug] [2018-07-05T14:41:18.151Z] ----------------------------------------------------------------------
[debug] 
[debug] [2018-07-05T14:41:18.166Z] > command requires scopes: ["email","openid","https://www.googleapis.com/auth/cloudplatformprojects.readonly","https://www.googleapis.com/auth/firebase"]
[debug] [2018-07-05T14:41:18.167Z] > authorizing via signed-in user
[info] 
     ######## #### ########  ######## ########     ###     ######  ########
     ##        ##  ##     ## ##       ##     ##  ##   ##  ##       ##
     ######    ##  ########  ######   ########  #########  ######  ######
     ##        ##  ##    ##  ##       ##     ## ##     ##       ## ##
     ##       #### ##     ## ######## ########  ##     ##  ######  ########

You're about to initialize a Firebase project in this directory:

  C:\Users\Harry\group-points

Before we get started, keep in mind:

  * You are initializing in an existing Firebase project directory

[info] 
=== Project Setup
[info] 
[info] First, let's associate this project directory with a Firebase project.
[info] You can create multiple project aliases by running firebase use --add, 
[info] but for now we'll just set up a default project.
[info] 
[debug] [2018-07-05T14:41:34.577Z] > refreshing access token with scopes: ["email","https://www.googleapis.com/auth/cloudplatformprojects.readonly","https://www.googleapis.com/auth/firebase","openid"]
[debug] [2018-07-05T14:41:34.577Z] >>> HTTP REQUEST POST https://www.googleapis.com/oauth2/v3/token  
 { refresh_token: '1/YwSl_Qv_YWo9q_tXKC2nbulH3y_kJZOVukRZiGPjMazK180ZulPcV9tYkcI_tGjG',
  client_id: '563584335869-fgrhgmd47bqnekij5i8b5pr03ho849e6.apps.googleusercontent.com',
  client_secret: 'j9iVZfS8kkCEFUPaAeJV0sAi',
  grant_type: 'refresh_token',
  scope: 'email https://www.googleapis.com/auth/cloudplatformprojects.readonly https://www.googleapis.com/auth/firebase openid' } 
 Thu Jul 05 2018 16:41:34 GMT+0200 (South Africa Standard Time)
[debug] [2018-07-05T14:41:37.110Z] <<< HTTP RESPONSE 200
[debug] [2018-07-05T14:41:37.122Z] >>> HTTP REQUEST GET https://admin.firebase.com/v1/projects  
  
 Thu Jul 05 2018 16:41:37 GMT+0200 (South Africa Standard Time)
[debug] [2018-07-05T14:41:43.309Z] <<< HTTP RESPONSE 200
[info] i  .firebaserc already has a default project, skipping
[info] 
=== Database Setup
[info] 
[info] Firebase Realtime Database Rules allow you to define how your data should be
[info] structured and when your data can be read from and written to.
[info] 
[info] Skipping overwrite of Database Rules.
[info] The rules defined in database.rules.json will be published when you do firebase deploy.
[info] 
=== Hosting Setup
[info] 
[info] Your public directory is the folder (relative to your project directory) that
[info] will contain Hosting assets to be uploaded with firebase deploy. If you
[info] have a build process for your assets, use your build's output directory.
[info] 
